2014-07-11 05:52:56,752 [main] ERROR StackTrace  - Full Stack Trace:
org.springframework.beans.factory.NoSuchBeanDefinitionException: No qualifying bean of type [org.grails.datastore.mapping.simple.SimpleMapDatastore] is defined
	at org.springframework.beans.factory.support.DefaultListableBeanFactory.getBean(DefaultListableBeanFactory.java:319)
	at org.springframework.beans.factory.support.DefaultListableBeanFactory.getBean(DefaultListableBeanFactory.java:316)
	at org.springframework.context.support.AbstractApplicationContext.getBean(AbstractApplicationContext.java:985)
	at grails.test.mixin.domain.DomainClassUnitTestMixin.getSimpleDatastore(DomainClassUnitTestMixin.groovy:71)
	at grails.test.mixin.domain.DomainClassUnitTestMixin.mockDomains(DomainClassUnitTestMixin.groovy:81)
	at org.springsource.loaded.ri.ReflectiveInterceptor.jlrMethodInvoke(ReflectiveInterceptor.java:1276)
	at grails.buildtestdata.mixin.BuildTestDataUnitTestMixin.mockGrailsDomainClasses(BuildTestDataUnitTestMixin.groovy:132)
	at grails.buildtestdata.mixin.BuildTestDataUnitTestMixin.mockForBuild(BuildTestDataUnitTestMixin.groovy:74)
	at org.springsource.loaded.ri.OriginalClassInvoker.invoke(OriginalClassInvoker.java:47)
	at org.springsource.loaded.ri.ReflectiveInterceptor.jlrMethodInvoke(ReflectiveInterceptor.java:1299)
	at org.spockframework.util.ReflectionUtil.invokeMethod(ReflectionUtil.java:138)
	at org.spockframework.runtime.extension.builtin.JUnitFixtureMethodsExtension$FixtureType$FixtureMethodInterceptor.intercept(JUnitFixtureMethodsExtension.java:145)
	at org.spockframework.runtime.extension.MethodInvocation.proceed(MethodInvocation.java:84)
	at org.springsource.loaded.ri.ReflectiveInterceptor.jlrMethodInvoke(ReflectiveInterceptor.java:1276)
	at org.spockframework.util.ReflectionUtil.invokeMethod(ReflectionUtil.java:138)
	at org.spockframework.runtime.extension.MethodInvocation.invokeTargetMethod(MethodInvocation.java:91)
	at org.spockframework.runtime.extension.MethodInvocation.proceed(MethodInvocation.java:85)
	at org.spockframework.runtime.extension.builtin.AbstractRuleInterceptor$1.evaluate(AbstractRuleInterceptor.java:37)
	at org.springsource.loaded.ri.ReflectiveInterceptor.jlrMethodInvoke(ReflectiveInterceptor.java:1276)
	at grails.test.runtime.TestRuntimeJunitAdapter$1$2.evaluate(TestRuntimeJunitAdapter.groovy:48)
	at org.spockframework.runtime.extension.builtin.TestRuleInterceptor.intercept(TestRuleInterceptor.java:38)
	at org.spockframework.runtime.extension.MethodInvocation.proceed(MethodInvocation.java:84)
	at org.springsource.loaded.ri.ReflectiveInterceptor.jlrMethodInvoke(ReflectiveInterceptor.java:1270)
	at org.spockframework.util.ReflectionUtil.invokeMethod(ReflectionUtil.java:138)
	at org.springsource.loaded.ri.ReflectiveInterceptor.jlrMethodInvoke(ReflectiveInterceptor.java:1270)
	at org.spockframework.util.ReflectionUtil.invokeMethod(ReflectionUtil.java:138)
	at org.spockframework.runtime.extension.MethodInvocation.invokeTargetMethod(MethodInvocation.java:91)
	at org.spockframework.runtime.extension.MethodInvocation.proceed(MethodInvocation.java:85)
	at org.spockframework.runtime.extension.builtin.AbstractRuleInterceptor$1.evaluate(AbstractRuleInterceptor.java:37)
	at org.springsource.loaded.ri.ReflectiveInterceptor.jlrMethodInvoke(ReflectiveInterceptor.java:1270)
	at grails.test.runtime.TestRuntimeJunitAdapter$3$4.evaluate(TestRuntimeJunitAdapter.groovy:74)
	at org.spockframework.runtime.extension.builtin.ClassRuleInterceptor.intercept(ClassRuleInterceptor.java:38)
	at org.spockframework.runtime.extension.MethodInvocation.proceed(MethodInvocation.java:84)
	at org.junit.runners.Suite.runChild(Suite.java:127)
	at org.junit.runners.Suite.runChild(Suite.java:26)
	at org.junit.runners.ParentRunner$3.run(ParentRunner.java:238)
	at org.junit.runners.ParentRunner$1.schedule(ParentRunner.java:63)
	at org.junit.runners.ParentRunner.runChildren(ParentRunner.java:236)
	at org.junit.runners.ParentRunner.access$000(ParentRunner.java:53)
	at org.junit.runners.ParentRunner$2.evaluate(ParentRunner.java:229)
	at org.junit.runners.ParentRunner.run(ParentRunner.java:309)
	at org.junit.runner.JUnitCore.run(JUnitCore.java:160)
	at org.junit.runner.JUnitCore.run(JUnitCore.java:138)
	at org.codehaus.groovy.grails.test.spock.GrailsSpecTestType.doRun(GrailsSpecTestType.groovy:147)
	at org.codehaus.groovy.grails.test.support.GrailsTestTypeSupport.run(GrailsTestTypeSupport.groovy:121)
	at org.codehaus.groovy.grails.test.runner.GrailsProjectTestRunner.runTests(GrailsProjectTestRunner.groovy:415)
	at org.codehaus.groovy.grails.test.runner.GrailsProjectTestRunner.processTests(GrailsProjectTestRunner.groovy:395)
	at org.springsource.loaded.ri.ReflectiveInterceptor.jlrMethodInvoke(ReflectiveInterceptor.java:1270)
	at org.codehaus.groovy.grails.test.runner.GrailsProjectTestRunner.runAllTests_closure7(GrailsProjectTestRunner.groovy:313)
	at org.springsource.loaded.ri.ReflectiveInterceptor.jlrMethodInvoke(ReflectiveInterceptor.java:1270)
	at groovy.lang.Closure.call(Closure.java:423)
	at org.codehaus.groovy.grails.test.runner.GrailsProjectTestRunner.runAllTests(GrailsProjectTestRunner.groovy:299)
	at org.codehaus.groovy.grails.test.runner.GrailsProjectTestRunner.runAllTests(GrailsProjectTestRunner.groovy:214)
	at org.codehaus.groovy.grails.cli.fork.testing.ForkedGrailsTestRunner.runInstance(ForkedGrailsTestRunner.groovy:128)
	at org.codehaus.groovy.grails.cli.fork.ForkedGrailsProjectClassExecutor.run_closure1(ForkedGrailsProjectClassExecutor.groovy:59)
	at org.codehaus.groovy.grails.cli.fork.ForkedGrailsProcess.startDaemon_closure3(ForkedGrailsProcess.groovy:132)
	at org.springsource.loaded.ri.ReflectiveInterceptor.jlrMethodInvoke(ReflectiveInterceptor.java:1270)
	at groovy.lang.Closure.call(Closure.java:423)
	at org.codehaus.groovy.grails.cli.fork.ForkedGrailsProcess.startDaemon(ForkedGrailsProcess.groovy:109)
	at org.codehaus.groovy.grails.cli.fork.ForkedGrailsProjectClassExecutor.run(ForkedGrailsProjectClassExecutor.groovy:57)
	at org.codehaus.groovy.grails.cli.fork.testing.ForkedGrailsTestRunner.main(ForkedGrailsTestRunner.groovy:75)
2014-07-11 05:52:56,754 [main] ERROR StackTrace  - Full Stack Trace:
org.springframework.beans.factory.NoSuchBeanDefinitionException: No qualifying bean of type [org.grails.datastore.mapping.simple.SimpleMapDatastore] is defined
	at grails.test.mixin.domain.DomainClassUnitTestMixin.getSimpleDatastore(DomainClassUnitTestMixin.groovy:71)
	at grails.test.mixin.domain.DomainClassUnitTestMixin.mockDomains(DomainClassUnitTestMixin.groovy:81)
	at grails.buildtestdata.mixin.BuildTestDataUnitTestMixin.mockGrailsDomainClasses(BuildTestDataUnitTestMixin.groovy:132)
	at grails.buildtestdata.mixin.BuildTestDataUnitTestMixin.mockForBuild(BuildTestDataUnitTestMixin.groovy:74)
	at org.spockframework.util.ReflectionUtil.invokeMethod(ReflectionUtil.java:138)
	at org.spockframework.runtime.extension.builtin.JUnitFixtureMethodsExtension$FixtureType$FixtureMethodInterceptor.intercept(JUnitFixtureMethodsExtension.java:145)
	at org.spockframework.runtime.extension.MethodInvocation.proceed(MethodInvocation.java:84)
	at org.spockframework.util.ReflectionUtil.invokeMethod(ReflectionUtil.java:138)
	at org.spockframework.runtime.extension.MethodInvocation.invokeTargetMethod(MethodInvocation.java:91)
	at org.spockframework.runtime.extension.MethodInvocation.proceed(MethodInvocation.java:85)
	at org.spockframework.runtime.extension.builtin.AbstractRuleInterceptor$1.evaluate(AbstractRuleInterceptor.java:37)
	at grails.test.runtime.TestRuntimeJunitAdapter$1$2.evaluate(TestRuntimeJunitAdapter.groovy:48)
	at org.spockframework.runtime.extension.builtin.TestRuleInterceptor.intercept(TestRuleInterceptor.java:38)
	at org.spockframework.runtime.extension.MethodInvocation.proceed(MethodInvocation.java:84)
	at org.spockframework.util.ReflectionUtil.invokeMethod(ReflectionUtil.java:138)
	at org.spockframework.util.ReflectionUtil.invokeMethod(ReflectionUtil.java:138)
	at org.spockframework.runtime.extension.MethodInvocation.invokeTargetMethod(MethodInvocation.java:91)
	at org.spockframework.runtime.extension.MethodInvocation.proceed(MethodInvocation.java:85)
	at org.spockframework.runtime.extension.builtin.AbstractRuleInterceptor$1.evaluate(AbstractRuleInterceptor.java:37)
	at grails.test.runtime.TestRuntimeJunitAdapter$3$4.evaluate(TestRuntimeJunitAdapter.groovy:74)
	at org.spockframework.runtime.extension.builtin.ClassRuleInterceptor.intercept(ClassRuleInterceptor.java:38)
	at org.spockframework.runtime.extension.MethodInvocation.proceed(MethodInvocation.java:84)
2014-07-11 05:52:56,755 [main] ERROR StackTrace  - Full Stack Trace:
org.springframework.beans.factory.NoSuchBeanDefinitionException: No qualifying bean of type [org.grails.datastore.mapping.simple.SimpleMapDatastore] is defined
	at grails.test.mixin.domain.DomainClassUnitTestMixin.getSimpleDatastore(DomainClassUnitTestMixin.groovy:71)
	at grails.test.mixin.domain.DomainClassUnitTestMixin.mockDomains(DomainClassUnitTestMixin.groovy:81)
	at grails.buildtestdata.mixin.BuildTestDataUnitTestMixin.mockGrailsDomainClasses(BuildTestDataUnitTestMixin.groovy:132)
	at grails.buildtestdata.mixin.BuildTestDataUnitTestMixin.mockForBuild(BuildTestDataUnitTestMixin.groovy:74)
	at org.spockframework.util.ReflectionUtil.invokeMethod(ReflectionUtil.java:138)
	at org.spockframework.runtime.extension.builtin.JUnitFixtureMethodsExtension$FixtureType$FixtureMethodInterceptor.intercept(JUnitFixtureMethodsExtension.java:145)
	at org.spockframework.runtime.extension.MethodInvocation.proceed(MethodInvocation.java:84)
	at org.spockframework.util.ReflectionUtil.invokeMethod(ReflectionUtil.java:138)
	at org.spockframework.runtime.extension.MethodInvocation.invokeTargetMethod(MethodInvocation.java:91)
	at org.spockframework.runtime.extension.MethodInvocation.proceed(MethodInvocation.java:85)
	at org.spockframework.runtime.extension.builtin.AbstractRuleInterceptor$1.evaluate(AbstractRuleInterceptor.java:37)
	at grails.test.runtime.TestRuntimeJunitAdapter$1$2.evaluate(TestRuntimeJunitAdapter.groovy:48)
	at org.spockframework.runtime.extension.builtin.TestRuleInterceptor.intercept(TestRuleInterceptor.java:38)
	at org.spockframework.runtime.extension.MethodInvocation.proceed(MethodInvocation.java:84)
	at org.spockframework.util.ReflectionUtil.invokeMethod(ReflectionUtil.java:138)
	at org.spockframework.util.ReflectionUtil.invokeMethod(ReflectionUtil.java:138)
	at org.spockframework.runtime.extension.MethodInvocation.invokeTargetMethod(MethodInvocation.java:91)
	at org.spockframework.runtime.extension.MethodInvocation.proceed(MethodInvocation.java:85)
	at org.spockframework.runtime.extension.builtin.AbstractRuleInterceptor$1.evaluate(AbstractRuleInterceptor.java:37)
	at grails.test.runtime.TestRuntimeJunitAdapter$3$4.evaluate(TestRuntimeJunitAdapter.groovy:74)
	at org.spockframework.runtime.extension.builtin.ClassRuleInterceptor.intercept(ClassRuleInterceptor.java:38)
	at org.spockframework.runtime.extension.MethodInvocation.proceed(MethodInvocation.java:84)
2014-07-11 05:52:56,756 [main] ERROR StackTrace  - Full Stack Trace:
org.springframework.beans.factory.NoSuchBeanDefinitionException: No qualifying bean of type [org.grails.datastore.mapping.simple.SimpleMapDatastore] is defined
	at grails.test.mixin.domain.DomainClassUnitTestMixin.getSimpleDatastore(DomainClassUnitTestMixin.groovy:71)
	at grails.test.mixin.domain.DomainClassUnitTestMixin.mockDomains(DomainClassUnitTestMixin.groovy:81)
	at grails.buildtestdata.mixin.BuildTestDataUnitTestMixin.mockGrailsDomainClasses(BuildTestDataUnitTestMixin.groovy:132)
	at grails.buildtestdata.mixin.BuildTestDataUnitTestMixin.mockForBuild(BuildTestDataUnitTestMixin.groovy:74)
	at org.spockframework.util.ReflectionUtil.invokeMethod(ReflectionUtil.java:138)
	at org.spockframework.runtime.extension.builtin.JUnitFixtureMethodsExtension$FixtureType$FixtureMethodInterceptor.intercept(JUnitFixtureMethodsExtension.java:145)
	at org.spockframework.runtime.extension.MethodInvocation.proceed(MethodInvocation.java:84)
	at org.spockframework.util.ReflectionUtil.invokeMethod(ReflectionUtil.java:138)
	at org.spockframework.runtime.extension.MethodInvocation.invokeTargetMethod(MethodInvocation.java:91)
	at org.spockframework.runtime.extension.MethodInvocation.proceed(MethodInvocation.java:85)
	at org.spockframework.runtime.extension.builtin.AbstractRuleInterceptor$1.evaluate(AbstractRuleInterceptor.java:37)
	at grails.test.runtime.TestRuntimeJunitAdapter$1$2.evaluate(TestRuntimeJunitAdapter.groovy:48)
	at org.spockframework.runtime.extension.builtin.TestRuleInterceptor.intercept(TestRuleInterceptor.java:38)
	at org.spockframework.runtime.extension.MethodInvocation.proceed(MethodInvocation.java:84)
	at org.spockframework.util.ReflectionUtil.invokeMethod(ReflectionUtil.java:138)
	at org.spockframework.util.ReflectionUtil.invokeMethod(ReflectionUtil.java:138)
	at org.spockframework.runtime.extension.MethodInvocation.invokeTargetMethod(MethodInvocation.java:91)
	at org.spockframework.runtime.extension.MethodInvocation.proceed(MethodInvocation.java:85)
	at org.spockframework.runtime.extension.builtin.AbstractRuleInterceptor$1.evaluate(AbstractRuleInterceptor.java:37)
	at grails.test.runtime.TestRuntimeJunitAdapter$3$4.evaluate(TestRuntimeJunitAdapter.groovy:74)
	at org.spockframework.runtime.extension.builtin.ClassRuleInterceptor.intercept(ClassRuleInterceptor.java:38)
	at org.spockframework.runtime.extension.MethodInvocation.proceed(MethodInvocation.java:84)
2014-07-11 05:52:56,759 [main] ERROR StackTrace  - Full Stack Trace:
org.springframework.beans.factory.NoSuchBeanDefinitionException: No qualifying bean of type [org.grails.datastore.mapping.simple.SimpleMapDatastore] is defined
	at grails.test.mixin.domain.DomainClassUnitTestMixin.getSimpleDatastore(DomainClassUnitTestMixin.groovy:71)
	at grails.test.mixin.domain.DomainClassUnitTestMixin.mockDomains(DomainClassUnitTestMixin.groovy:81)
	at grails.buildtestdata.mixin.BuildTestDataUnitTestMixin.mockGrailsDomainClasses(BuildTestDataUnitTestMixin.groovy:132)
	at grails.buildtestdata.mixin.BuildTestDataUnitTestMixin.mockForBuild(BuildTestDataUnitTestMixin.groovy:74)
	at org.spockframework.util.ReflectionUtil.invokeMethod(ReflectionUtil.java:138)
	at org.spockframework.runtime.extension.builtin.JUnitFixtureMethodsExtension$FixtureType$FixtureMethodInterceptor.intercept(JUnitFixtureMethodsExtension.java:145)
	at org.spockframework.runtime.extension.MethodInvocation.proceed(MethodInvocation.java:84)
	at org.spockframework.util.ReflectionUtil.invokeMethod(ReflectionUtil.java:138)
	at org.spockframework.runtime.extension.MethodInvocation.invokeTargetMethod(MethodInvocation.java:91)
	at org.spockframework.runtime.extension.MethodInvocation.proceed(MethodInvocation.java:85)
	at org.spockframework.runtime.extension.builtin.AbstractRuleInterceptor$1.evaluate(AbstractRuleInterceptor.java:37)
	at grails.test.runtime.TestRuntimeJunitAdapter$1$2.evaluate(TestRuntimeJunitAdapter.groovy:48)
	at org.spockframework.runtime.extension.builtin.TestRuleInterceptor.intercept(TestRuleInterceptor.java:38)
	at org.spockframework.runtime.extension.MethodInvocation.proceed(MethodInvocation.java:84)
	at org.spockframework.util.ReflectionUtil.invokeMethod(ReflectionUtil.java:138)
	at org.spockframework.util.ReflectionUtil.invokeMethod(ReflectionUtil.java:138)
	at org.spockframework.runtime.extension.MethodInvocation.invokeTargetMethod(MethodInvocation.java:91)
	at org.spockframework.runtime.extension.MethodInvocation.proceed(MethodInvocation.java:85)
	at org.spockframework.runtime.extension.builtin.AbstractRuleInterceptor$1.evaluate(AbstractRuleInterceptor.java:37)
	at grails.test.runtime.TestRuntimeJunitAdapter$3$4.evaluate(TestRuntimeJunitAdapter.groovy:74)
	at org.spockframework.runtime.extension.builtin.ClassRuleInterceptor.intercept(ClassRuleInterceptor.java:38)
	at org.spockframework.runtime.extension.MethodInvocation.proceed(MethodInvocation.java:84)
2014-07-11 05:52:56,759 [main] ERROR StackTrace  - Full Stack Trace:
org.springframework.beans.factory.NoSuchBeanDefinitionException: No qualifying bean of type [org.grails.datastore.mapping.simple.SimpleMapDatastore] is defined
	at grails.test.mixin.domain.DomainClassUnitTestMixin.getSimpleDatastore(DomainClassUnitTestMixin.groovy:71)
	at grails.test.mixin.domain.DomainClassUnitTestMixin.mockDomains(DomainClassUnitTestMixin.groovy:81)
	at grails.buildtestdata.mixin.BuildTestDataUnitTestMixin.mockGrailsDomainClasses(BuildTestDataUnitTestMixin.groovy:132)
	at grails.buildtestdata.mixin.BuildTestDataUnitTestMixin.mockForBuild(BuildTestDataUnitTestMixin.groovy:74)
	at org.spockframework.util.ReflectionUtil.invokeMethod(ReflectionUtil.java:138)
	at org.spockframework.runtime.extension.builtin.JUnitFixtureMethodsExtension$FixtureType$FixtureMethodInterceptor.intercept(JUnitFixtureMethodsExtension.java:145)
	at org.spockframework.runtime.extension.MethodInvocation.proceed(MethodInvocation.java:84)
	at org.spockframework.util.ReflectionUtil.invokeMethod(ReflectionUtil.java:138)
	at org.spockframework.runtime.extension.MethodInvocation.invokeTargetMethod(MethodInvocation.java:91)
	at org.spockframework.runtime.extension.MethodInvocation.proceed(MethodInvocation.java:85)
	at org.spockframework.runtime.extension.builtin.AbstractRuleInterceptor$1.evaluate(AbstractRuleInterceptor.java:37)
	at grails.test.runtime.TestRuntimeJunitAdapter$1$2.evaluate(TestRuntimeJunitAdapter.groovy:48)
	at org.spockframework.runtime.extension.builtin.TestRuleInterceptor.intercept(TestRuleInterceptor.java:38)
	at org.spockframework.runtime.extension.MethodInvocation.proceed(MethodInvocation.java:84)
	at org.spockframework.util.ReflectionUtil.invokeMethod(ReflectionUtil.java:138)
	at org.spockframework.util.ReflectionUtil.invokeMethod(ReflectionUtil.java:138)
	at org.spockframework.runtime.extension.MethodInvocation.invokeTargetMethod(MethodInvocation.java:91)
	at org.spockframework.runtime.extension.MethodInvocation.proceed(MethodInvocation.java:85)
	at org.spockframework.runtime.extension.builtin.AbstractRuleInterceptor$1.evaluate(AbstractRuleInterceptor.java:37)
	at grails.test.runtime.TestRuntimeJunitAdapter$3$4.evaluate(TestRuntimeJunitAdapter.groovy:74)
	at org.spockframework.runtime.extension.builtin.ClassRuleInterceptor.intercept(ClassRuleInterceptor.java:38)
	at org.spockframework.runtime.extension.MethodInvocation.proceed(MethodInvocation.java:84)
2014-07-11 05:53:05,803 [main] ERROR StackTrace  - Full Stack Trace:
org.springframework.beans.factory.NoSuchBeanDefinitionException: No qualifying bean of type [org.grails.datastore.mapping.simple.SimpleMapDatastore] is defined
	at org.springframework.beans.factory.support.DefaultListableBeanFactory.getBean(DefaultListableBeanFactory.java:319)
	at org.springframework.beans.factory.support.DefaultListableBeanFactory.getBean(DefaultListableBeanFactory.java:316)
	at org.springframework.context.support.AbstractApplicationContext.getBean(AbstractApplicationContext.java:985)
	at grails.test.mixin.domain.DomainClassUnitTestMixin.getSimpleDatastore(DomainClassUnitTestMixin.groovy:71)
	at grails.test.mixin.domain.DomainClassUnitTestMixin.mockDomains(DomainClassUnitTestMixin.groovy:81)
	at org.springsource.loaded.ri.ReflectiveInterceptor.jlrMethodInvoke(ReflectiveInterceptor.java:1276)
	at grails.buildtestdata.mixin.BuildTestDataUnitTestMixin.mockGrailsDomainClasses(BuildTestDataUnitTestMixin.groovy:132)
	at grails.buildtestdata.mixin.BuildTestDataUnitTestMixin.mockForBuild(BuildTestDataUnitTestMixin.groovy:74)
	at org.springsource.loaded.ri.OriginalClassInvoker.invoke(OriginalClassInvoker.java:47)
	at org.springsource.loaded.ri.ReflectiveInterceptor.jlrMethodInvoke(ReflectiveInterceptor.java:1299)
	at org.spockframework.util.ReflectionUtil.invokeMethod(ReflectionUtil.java:138)
	at org.spockframework.runtime.extension.builtin.JUnitFixtureMethodsExtension$FixtureType$FixtureMethodInterceptor.intercept(JUnitFixtureMethodsExtension.java:145)
	at org.spockframework.runtime.extension.MethodInvocation.proceed(MethodInvocation.java:84)
	at org.springsource.loaded.ri.ReflectiveInterceptor.jlrMethodInvoke(ReflectiveInterceptor.java:1276)
	at org.spockframework.util.ReflectionUtil.invokeMethod(ReflectionUtil.java:138)
	at org.spockframework.runtime.extension.MethodInvocation.invokeTargetMethod(MethodInvocation.java:91)
	at org.spockframework.runtime.extension.MethodInvocation.proceed(MethodInvocation.java:85)
	at org.spockframework.runtime.extension.builtin.AbstractRuleInterceptor$1.evaluate(AbstractRuleInterceptor.java:37)
	at org.springsource.loaded.ri.ReflectiveInterceptor.jlrMethodInvoke(ReflectiveInterceptor.java:1276)
	at grails.test.runtime.TestRuntimeJunitAdapter$1$2.evaluate(TestRuntimeJunitAdapter.groovy:48)
	at org.spockframework.runtime.extension.builtin.TestRuleInterceptor.intercept(TestRuleInterceptor.java:38)
	at org.spockframework.runtime.extension.MethodInvocation.proceed(MethodInvocation.java:84)
	at org.springsource.loaded.ri.ReflectiveInterceptor.jlrMethodInvoke(ReflectiveInterceptor.java:1276)
	at org.spockframework.util.ReflectionUtil.invokeMethod(ReflectionUtil.java:138)
	at org.springsource.loaded.ri.ReflectiveInterceptor.jlrMethodInvoke(ReflectiveInterceptor.java:1276)
	at org.spockframework.util.ReflectionUtil.invokeMethod(ReflectionUtil.java:138)
	at org.spockframework.runtime.extension.MethodInvocation.invokeTargetMethod(MethodInvocation.java:91)
	at org.spockframework.runtime.extension.MethodInvocation.proceed(MethodInvocation.java:85)
	at org.spockframework.runtime.extension.builtin.AbstractRuleInterceptor$1.evaluate(AbstractRuleInterceptor.java:37)
	at org.springsource.loaded.ri.ReflectiveInterceptor.jlrMethodInvoke(ReflectiveInterceptor.java:1276)
	at grails.test.runtime.TestRuntimeJunitAdapter$3$4.evaluate(TestRuntimeJunitAdapter.groovy:74)
	at org.spockframework.runtime.extension.builtin.ClassRuleInterceptor.intercept(ClassRuleInterceptor.java:38)
	at org.spockframework.runtime.extension.MethodInvocation.proceed(MethodInvocation.java:84)
	at org.junit.runners.Suite.runChild(Suite.java:127)
	at org.junit.runners.Suite.runChild(Suite.java:26)
	at org.junit.runners.ParentRunner$3.run(ParentRunner.java:238)
	at org.junit.runners.ParentRunner$1.schedule(ParentRunner.java:63)
	at org.junit.runners.ParentRunner.runChildren(ParentRunner.java:236)
	at org.junit.runners.ParentRunner.access$000(ParentRunner.java:53)
	at org.junit.runners.ParentRunner$2.evaluate(ParentRunner.java:229)
	at org.junit.runners.ParentRunner.run(ParentRunner.java:309)
	at org.junit.runner.JUnitCore.run(JUnitCore.java:160)
	at org.junit.runner.JUnitCore.run(JUnitCore.java:138)
	at org.codehaus.groovy.grails.test.spock.GrailsSpecTestType.doRun(GrailsSpecTestType.groovy:147)
	at org.codehaus.groovy.grails.test.support.GrailsTestTypeSupport.run(GrailsTestTypeSupport.groovy:121)
	at org.codehaus.groovy.grails.test.runner.GrailsProjectTestRunner.runTests(GrailsProjectTestRunner.groovy:415)
	at org.codehaus.groovy.grails.test.runner.GrailsProjectTestRunner.processTests(GrailsProjectTestRunner.groovy:395)
	at org.springsource.loaded.ri.ReflectiveInterceptor.jlrMethodInvoke(ReflectiveInterceptor.java:1276)
	at org.codehaus.groovy.grails.test.runner.GrailsProjectTestRunner.runAllTests_closure7(GrailsProjectTestRunner.groovy:313)
	at org.springsource.loaded.ri.ReflectiveInterceptor.jlrMethodInvoke(ReflectiveInterceptor.java:1276)
	at groovy.lang.Closure.call(Closure.java:423)
	at org.codehaus.groovy.grails.test.runner.GrailsProjectTestRunner.runAllTests(GrailsProjectTestRunner.groovy:299)
	at org.codehaus.groovy.grails.test.runner.GrailsProjectTestRunner.runAllTests(GrailsProjectTestRunner.groovy:214)
	at org.codehaus.groovy.grails.cli.fork.testing.ForkedGrailsTestRunner.runInstance(ForkedGrailsTestRunner.groovy:128)
	at org.codehaus.groovy.grails.cli.fork.ForkedGrailsProjectClassExecutor.run_closure1(ForkedGrailsProjectClassExecutor.groovy:59)
	at org.codehaus.groovy.grails.cli.fork.ForkedGrailsProcess.startDaemon_closure3(ForkedGrailsProcess.groovy:132)
	at org.springsource.loaded.ri.ReflectiveInterceptor.jlrMethodInvoke(ReflectiveInterceptor.java:1276)
	at groovy.lang.Closure.call(Closure.java:423)
	at org.codehaus.groovy.grails.cli.fork.ForkedGrailsProcess.startDaemon(ForkedGrailsProcess.groovy:109)
	at org.codehaus.groovy.grails.cli.fork.ForkedGrailsProjectClassExecutor.run(ForkedGrailsProjectClassExecutor.groovy:57)
	at org.codehaus.groovy.grails.cli.fork.testing.ForkedGrailsTestRunner.main(ForkedGrailsTestRunner.groovy:75)
2014-07-11 05:53:05,803 [main] ERROR StackTrace  - Full Stack Trace:
org.springframework.beans.factory.NoSuchBeanDefinitionException: No qualifying bean of type [org.grails.datastore.mapping.simple.SimpleMapDatastore] is defined
	at grails.test.mixin.domain.DomainClassUnitTestMixin.getSimpleDatastore(DomainClassUnitTestMixin.groovy:71)
	at grails.test.mixin.domain.DomainClassUnitTestMixin.mockDomains(DomainClassUnitTestMixin.groovy:81)
	at grails.buildtestdata.mixin.BuildTestDataUnitTestMixin.mockGrailsDomainClasses(BuildTestDataUnitTestMixin.groovy:132)
	at grails.buildtestdata.mixin.BuildTestDataUnitTestMixin.mockForBuild(BuildTestDataUnitTestMixin.groovy:74)
	at org.spockframework.util.ReflectionUtil.invokeMethod(ReflectionUtil.java:138)
	at org.spockframework.runtime.extension.builtin.JUnitFixtureMethodsExtension$FixtureType$FixtureMethodInterceptor.intercept(JUnitFixtureMethodsExtension.java:145)
	at org.spockframework.runtime.extension.MethodInvocation.proceed(MethodInvocation.java:84)
	at org.spockframework.util.ReflectionUtil.invokeMethod(ReflectionUtil.java:138)
	at org.spockframework.runtime.extension.MethodInvocation.invokeTargetMethod(MethodInvocation.java:91)
	at org.spockframework.runtime.extension.MethodInvocation.proceed(MethodInvocation.java:85)
	at org.spockframework.runtime.extension.builtin.AbstractRuleInterceptor$1.evaluate(AbstractRuleInterceptor.java:37)
	at grails.test.runtime.TestRuntimeJunitAdapter$1$2.evaluate(TestRuntimeJunitAdapter.groovy:48)
	at org.spockframework.runtime.extension.builtin.TestRuleInterceptor.intercept(TestRuleInterceptor.java:38)
	at org.spockframework.runtime.extension.MethodInvocation.proceed(MethodInvocation.java:84)
	at org.spockframework.util.ReflectionUtil.invokeMethod(ReflectionUtil.java:138)
	at org.spockframework.util.ReflectionUtil.invokeMethod(ReflectionUtil.java:138)
	at org.spockframework.runtime.extension.MethodInvocation.invokeTargetMethod(MethodInvocation.java:91)
	at org.spockframework.runtime.extension.MethodInvocation.proceed(MethodInvocation.java:85)
	at org.spockframework.runtime.extension.builtin.AbstractRuleInterceptor$1.evaluate(AbstractRuleInterceptor.java:37)
	at grails.test.runtime.TestRuntimeJunitAdapter$3$4.evaluate(TestRuntimeJunitAdapter.groovy:74)
	at org.spockframework.runtime.extension.builtin.ClassRuleInterceptor.intercept(ClassRuleInterceptor.java:38)
	at org.spockframework.runtime.extension.MethodInvocation.proceed(MethodInvocation.java:84)
2014-07-11 05:53:05,803 [main] ERROR StackTrace  - Full Stack Trace:
org.springframework.beans.factory.NoSuchBeanDefinitionException: No qualifying bean of type [org.grails.datastore.mapping.simple.SimpleMapDatastore] is defined
	at grails.test.mixin.domain.DomainClassUnitTestMixin.getSimpleDatastore(DomainClassUnitTestMixin.groovy:71)
	at grails.test.mixin.domain.DomainClassUnitTestMixin.mockDomains(DomainClassUnitTestMixin.groovy:81)
	at grails.buildtestdata.mixin.BuildTestDataUnitTestMixin.mockGrailsDomainClasses(BuildTestDataUnitTestMixin.groovy:132)
	at grails.buildtestdata.mixin.BuildTestDataUnitTestMixin.mockForBuild(BuildTestDataUnitTestMixin.groovy:74)
	at org.spockframework.util.ReflectionUtil.invokeMethod(ReflectionUtil.java:138)
	at org.spockframework.runtime.extension.builtin.JUnitFixtureMethodsExtension$FixtureType$FixtureMethodInterceptor.intercept(JUnitFixtureMethodsExtension.java:145)
	at org.spockframework.runtime.extension.MethodInvocation.proceed(MethodInvocation.java:84)
	at org.spockframework.util.ReflectionUtil.invokeMethod(ReflectionUtil.java:138)
	at org.spockframework.runtime.extension.MethodInvocation.invokeTargetMethod(MethodInvocation.java:91)
	at org.spockframework.runtime.extension.MethodInvocation.proceed(MethodInvocation.java:85)
	at org.spockframework.runtime.extension.builtin.AbstractRuleInterceptor$1.evaluate(AbstractRuleInterceptor.java:37)
	at grails.test.runtime.TestRuntimeJunitAdapter$1$2.evaluate(TestRuntimeJunitAdapter.groovy:48)
	at org.spockframework.runtime.extension.builtin.TestRuleInterceptor.intercept(TestRuleInterceptor.java:38)
	at org.spockframework.runtime.extension.MethodInvocation.proceed(MethodInvocation.java:84)
	at org.spockframework.util.ReflectionUtil.invokeMethod(ReflectionUtil.java:138)
	at org.spockframework.util.ReflectionUtil.invokeMethod(ReflectionUtil.java:138)
	at org.spockframework.runtime.extension.MethodInvocation.invokeTargetMethod(MethodInvocation.java:91)
	at org.spockframework.runtime.extension.MethodInvocation.proceed(MethodInvocation.java:85)
	at org.spockframework.runtime.extension.builtin.AbstractRuleInterceptor$1.evaluate(AbstractRuleInterceptor.java:37)
	at grails.test.runtime.TestRuntimeJunitAdapter$3$4.evaluate(TestRuntimeJunitAdapter.groovy:74)
	at org.spockframework.runtime.extension.builtin.ClassRuleInterceptor.intercept(ClassRuleInterceptor.java:38)
	at org.spockframework.runtime.extension.MethodInvocation.proceed(MethodInvocation.java:84)
2014-07-11 05:53:05,804 [main] ERROR StackTrace  - Full Stack Trace:
org.springframework.beans.factory.NoSuchBeanDefinitionException: No qualifying bean of type [org.grails.datastore.mapping.simple.SimpleMapDatastore] is defined
	at grails.test.mixin.domain.DomainClassUnitTestMixin.getSimpleDatastore(DomainClassUnitTestMixin.groovy:71)
	at grails.test.mixin.domain.DomainClassUnitTestMixin.mockDomains(DomainClassUnitTestMixin.groovy:81)
	at grails.buildtestdata.mixin.BuildTestDataUnitTestMixin.mockGrailsDomainClasses(BuildTestDataUnitTestMixin.groovy:132)
	at grails.buildtestdata.mixin.BuildTestDataUnitTestMixin.mockForBuild(BuildTestDataUnitTestMixin.groovy:74)
	at org.spockframework.util.ReflectionUtil.invokeMethod(ReflectionUtil.java:138)
	at org.spockframework.runtime.extension.builtin.JUnitFixtureMethodsExtension$FixtureType$FixtureMethodInterceptor.intercept(JUnitFixtureMethodsExtension.java:145)
	at org.spockframework.runtime.extension.MethodInvocation.proceed(MethodInvocation.java:84)
	at org.spockframework.util.ReflectionUtil.invokeMethod(ReflectionUtil.java:138)
	at org.spockframework.runtime.extension.MethodInvocation.invokeTargetMethod(MethodInvocation.java:91)
	at org.spockframework.runtime.extension.MethodInvocation.proceed(MethodInvocation.java:85)
	at org.spockframework.runtime.extension.builtin.AbstractRuleInterceptor$1.evaluate(AbstractRuleInterceptor.java:37)
	at grails.test.runtime.TestRuntimeJunitAdapter$1$2.evaluate(TestRuntimeJunitAdapter.groovy:48)
	at org.spockframework.runtime.extension.builtin.TestRuleInterceptor.intercept(TestRuleInterceptor.java:38)
	at org.spockframework.runtime.extension.MethodInvocation.proceed(MethodInvocation.java:84)
	at org.spockframework.util.ReflectionUtil.invokeMethod(ReflectionUtil.java:138)
	at org.spockframework.util.ReflectionUtil.invokeMethod(ReflectionUtil.java:138)
	at org.spockframework.runtime.extension.MethodInvocation.invokeTargetMethod(MethodInvocation.java:91)
	at org.spockframework.runtime.extension.MethodInvocation.proceed(MethodInvocation.java:85)
	at org.spockframework.runtime.extension.builtin.AbstractRuleInterceptor$1.evaluate(AbstractRuleInterceptor.java:37)
	at grails.test.runtime.TestRuntimeJunitAdapter$3$4.evaluate(TestRuntimeJunitAdapter.groovy:74)
	at org.spockframework.runtime.extension.builtin.ClassRuleInterceptor.intercept(ClassRuleInterceptor.java:38)
	at org.spockframework.runtime.extension.MethodInvocation.proceed(MethodInvocation.java:84)
2014-07-11 05:53:05,804 [main] ERROR StackTrace  - Full Stack Trace:
org.springframework.beans.factory.NoSuchBeanDefinitionException: No qualifying bean of type [org.grails.datastore.mapping.simple.SimpleMapDatastore] is defined
	at grails.test.mixin.domain.DomainClassUnitTestMixin.getSimpleDatastore(DomainClassUnitTestMixin.groovy:71)
	at grails.test.mixin.domain.DomainClassUnitTestMixin.mockDomains(DomainClassUnitTestMixin.groovy:81)
	at grails.buildtestdata.mixin.BuildTestDataUnitTestMixin.mockGrailsDomainClasses(BuildTestDataUnitTestMixin.groovy:132)
	at grails.buildtestdata.mixin.BuildTestDataUnitTestMixin.mockForBuild(BuildTestDataUnitTestMixin.groovy:74)
	at org.spockframework.util.ReflectionUtil.invokeMethod(ReflectionUtil.java:138)
	at org.spockframework.runtime.extension.builtin.JUnitFixtureMethodsExtension$FixtureType$FixtureMethodInterceptor.intercept(JUnitFixtureMethodsExtension.java:145)
	at org.spockframework.runtime.extension.MethodInvocation.proceed(MethodInvocation.java:84)
	at org.spockframework.util.ReflectionUtil.invokeMethod(ReflectionUtil.java:138)
	at org.spockframework.runtime.extension.MethodInvocation.invokeTargetMethod(MethodInvocation.java:91)
	at org.spockframework.runtime.extension.MethodInvocation.proceed(MethodInvocation.java:85)
	at org.spockframework.runtime.extension.builtin.AbstractRuleInterceptor$1.evaluate(AbstractRuleInterceptor.java:37)
	at grails.test.runtime.TestRuntimeJunitAdapter$1$2.evaluate(TestRuntimeJunitAdapter.groovy:48)
	at org.spockframework.runtime.extension.builtin.TestRuleInterceptor.intercept(TestRuleInterceptor.java:38)
	at org.spockframework.runtime.extension.MethodInvocation.proceed(MethodInvocation.java:84)
	at org.spockframework.util.ReflectionUtil.invokeMethod(ReflectionUtil.java:138)
	at org.spockframework.util.ReflectionUtil.invokeMethod(ReflectionUtil.java:138)
	at org.spockframework.runtime.extension.MethodInvocation.invokeTargetMethod(MethodInvocation.java:91)
	at org.spockframework.runtime.extension.MethodInvocation.proceed(MethodInvocation.java:85)
	at org.spockframework.runtime.extension.builtin.AbstractRuleInterceptor$1.evaluate(AbstractRuleInterceptor.java:37)
	at grails.test.runtime.TestRuntimeJunitAdapter$3$4.evaluate(TestRuntimeJunitAdapter.groovy:74)
	at org.spockframework.runtime.extension.builtin.ClassRuleInterceptor.intercept(ClassRuleInterceptor.java:38)
	at org.spockframework.runtime.extension.MethodInvocation.proceed(MethodInvocation.java:84)
2014-07-11 05:53:05,804 [main] ERROR StackTrace  - Full Stack Trace:
org.springframework.beans.factory.NoSuchBeanDefinitionException: No qualifying bean of type [org.grails.datastore.mapping.simple.SimpleMapDatastore] is defined
	at grails.test.mixin.domain.DomainClassUnitTestMixin.getSimpleDatastore(DomainClassUnitTestMixin.groovy:71)
	at grails.test.mixin.domain.DomainClassUnitTestMixin.mockDomains(DomainClassUnitTestMixin.groovy:81)
	at grails.buildtestdata.mixin.BuildTestDataUnitTestMixin.mockGrailsDomainClasses(BuildTestDataUnitTestMixin.groovy:132)
	at grails.buildtestdata.mixin.BuildTestDataUnitTestMixin.mockForBuild(BuildTestDataUnitTestMixin.groovy:74)
	at org.spockframework.util.ReflectionUtil.invokeMethod(ReflectionUtil.java:138)
	at org.spockframework.runtime.extension.builtin.JUnitFixtureMethodsExtension$FixtureType$FixtureMethodInterceptor.intercept(JUnitFixtureMethodsExtension.java:145)
	at org.spockframework.runtime.extension.MethodInvocation.proceed(MethodInvocation.java:84)
	at org.spockframework.util.ReflectionUtil.invokeMethod(ReflectionUtil.java:138)
	at org.spockframework.runtime.extension.MethodInvocation.invokeTargetMethod(MethodInvocation.java:91)
	at org.spockframework.runtime.extension.MethodInvocation.proceed(MethodInvocation.java:85)
	at org.spockframework.runtime.extension.builtin.AbstractRuleInterceptor$1.evaluate(AbstractRuleInterceptor.java:37)
	at grails.test.runtime.TestRuntimeJunitAdapter$1$2.evaluate(TestRuntimeJunitAdapter.groovy:48)
	at org.spockframework.runtime.extension.builtin.TestRuleInterceptor.intercept(TestRuleInterceptor.java:38)
	at org.spockframework.runtime.extension.MethodInvocation.proceed(MethodInvocation.java:84)
	at org.spockframework.util.ReflectionUtil.invokeMethod(ReflectionUtil.java:138)
	at org.spockframework.util.ReflectionUtil.invokeMethod(ReflectionUtil.java:138)
	at org.spockframework.runtime.extension.MethodInvocation.invokeTargetMethod(MethodInvocation.java:91)
	at org.spockframework.runtime.extension.MethodInvocation.proceed(MethodInvocation.java:85)
	at org.spockframework.runtime.extension.builtin.AbstractRuleInterceptor$1.evaluate(AbstractRuleInterceptor.java:37)
	at grails.test.runtime.TestRuntimeJunitAdapter$3$4.evaluate(TestRuntimeJunitAdapter.groovy:74)
	at org.spockframework.runtime.extension.builtin.ClassRuleInterceptor.intercept(ClassRuleInterceptor.java:38)
	at org.spockframework.runtime.extension.MethodInvocation.proceed(MethodInvocation.java:84)
